0 verbose cli C:\Program Files\nodejs\node.exe C:\Users\Deepak Kumar Bind\AppData\Roaming\npm\node_modules\npm\bin\npm-cli.js
1 info using npm@10.8.2
2 info using node@v20.20.0
3 silly config load:file:C:\Users\Deepak Kumar Bind\AppData\Roaming\npm\node_modules\npm\npmrc
4 silly config load:file:c:\Users\Deepak Kumar Bind\OneDrive\Desktop\AZAL INTERNATIONAL\Azal-Carpet\.npmrc
5 silly config load:file:C:\Users\Deepak Kumar Bind\.npmrc
6 silly config load:file:C:\Users\Deepak Kumar Bind\AppData\Roaming\npm\etc\npmrc
7 verbose title npm view @chakra-ui/react description dist-tags.latest homepage version time
8 verbose argv "view" "--json" "--" "@chakra-ui/react" "description" "dist-tags.latest" "homepage" "version" "time"
9 verbose logfile logs-max:10 dir:C:\Users\Deepak Kumar Bind\OneDrive\Desktop\AZAL INTERNATIONAL\Azal-Carpet\.npm-cache\_logs\2026-02-11T15_42_53_634Z-
10 verbose logfile C:\Users\Deepak Kumar Bind\OneDrive\Desktop\AZAL INTERNATIONAL\Azal-Carpet\.npm-cache\_logs\2026-02-11T15_42_53_634Z-debug-0.log
11 silly logfile start cleaning logs, removing 2 files
12 silly logfile error removing log file C:\Users\Deepak Kumar Bind\OneDrive\Desktop\AZAL INTERNATIONAL\Azal-Carpet\.npm-cache\_logs\2026-02-11T15_09_30_908Z-debug-0.log [Error: EPERM: operation not permitted, lstat 'C:\Users\Deepak Kumar Bind\OneDrive\Desktop\AZAL INTERNATIONAL\Azal-Carpet\.npm-cache\_logs\2026-02-11T15_09_30_908Z-debug-0.log'] {
12 silly logfile   errno: -4048,
12 silly logfile   code: 'EPERM',
12 silly logfile   syscall: 'lstat',
12 silly logfile   path: 'C:\\Users\\Deepak Kumar Bind\\OneDrive\\Desktop\\AZAL INTERNATIONAL\\Azal-Carpet\\.npm-cache\\_logs\\2026-02-11T15_09_30_908Z-debug-0.log'
12 silly logfile }
13 silly logfile done cleaning log files
14 http fetch GET 200 https://registry.npmmirror.com/@chakra-ui%2freact 940ms (cache revalidated)
15 verbose cwd c:\Users\Deepak Kumar Bind\OneDrive\Desktop\AZAL INTERNATIONAL\Azal-Carpet
16 verbose os Windows_NT 10.0.22631
17 verbose node v20.20.0
18 verbose npm  v10.8.2
19 verbose exit 0
20 info ok
